


ARM Macro Assembler    Page 1 


    1 00000000                 AREA             RESET,DATA,READONLY
    2 00000000                 EXPORT           __Vectors
    3 00000000         __Vectors
    4 00000000 10001000        DCD              0X10001000  ;Stack pointer
    5 00000004 00000000        DCD              Reset_Handler
    6 00000008                 ALIGN
    7 00000008                 AREA             mycode, CODE, READONLY
    8 00000000                 ENTRY
    9 00000000                 EXPORT           Reset_Handler
   10 00000000         
   11 00000000         Reset_Handler
   12 00000000 4803            LDR              R0, =SRC
   13 00000002 4904            LDR              R1, =DST
   14 00000004 F04F 020A       mov              R2, #10
   15 00000008         
   16 00000008 6002            str              r2, [r0]
   17 0000000A 6803            ldr              r3, [r0]
   18 0000000C 600B            STR              R3, [R1]
   19 0000000E         STOP
   20 0000000E E7FE            B                STOP
   21 00000010         
   22 00000010 00000000 
              00000000         AREA             mydata, DATA, READWRITE
   23 00000000 05462975 
                       SRC     DCD              0x05462975
   24 00000004 04852695 
                       DST     DCD              0x04852695
   25 00000008                 END
Command Line: --debug --xref --cpu=Cortex-M3 --apcs=interwork --depend=.\q2.d -
o.\q2.o -IC:\Keil\ARM\RV31\INC -IC:\Keil\ARM\CMSIS\Include -IC:\Keil\ARM\Inc\NX
P\LPC17xx --predefine="__EVAL SETA 1" --list=.\q2.lst q2.s



ARM Macro Assembler    Page 1 Alphabetic symbol ordering
Relocatable symbols

RESET 00000000

Symbol: RESET
   Definitions
      At line 1 in file q2.s
   Uses
      None
Comment: RESET unused
__Vectors 00000000

Symbol: __Vectors
   Definitions
      At line 3 in file q2.s
   Uses
      At line 2 in file q2.s
Comment: __Vectors used once
2 symbols



ARM Macro Assembler    Page 1 Alphabetic symbol ordering
Relocatable symbols

Reset_Handler 00000000

Symbol: Reset_Handler
   Definitions
      At line 11 in file q2.s
   Uses
      At line 5 in file q2.s
      At line 9 in file q2.s

STOP 0000000E

Symbol: STOP
   Definitions
      At line 19 in file q2.s
   Uses
      At line 20 in file q2.s
Comment: STOP used once
mycode 00000000

Symbol: mycode
   Definitions
      At line 7 in file q2.s
   Uses
      None
Comment: mycode unused
3 symbols



ARM Macro Assembler    Page 1 Alphabetic symbol ordering
Relocatable symbols

DST 00000004

Symbol: DST
   Definitions
      At line 24 in file q2.s
   Uses
      At line 13 in file q2.s
Comment: DST used once
SRC 00000000

Symbol: SRC
   Definitions
      At line 23 in file q2.s
   Uses
      At line 12 in file q2.s
Comment: SRC used once
mydata 00000000

Symbol: mydata
   Definitions
      At line 22 in file q2.s
   Uses
      None
Comment: mydata unused
3 symbols
341 symbols in table
