


ARM Macro Assembler    Page 1 


    1 00000000                 AREA             RESET, DATA, READONLY
    2 00000000                 EXPORT           __Vectors
    3 00000000         
    4 00000000         __Vectors
    5 00000000 10001000        DCD              0x10001000  ; The reset vector 
                                                            address (can be a m
                                                            emory address to ju
                                                            mp to after reset)
    6 00000004 00000000        DCD              Reset_Handler ; Address of the 
                                                            reset handler funct
                                                            ion
    7 00000008                 ALIGN
    8 00000008         
    9 00000008                 AREA             mycode, CODE, READONLY
   10 00000000                 ENTRY
   11 00000000                 EXPORT           Reset_Handler
   12 00000000         
   13 00000000         Reset_Handler
   14 00000000         
   15 00000000 4810            LDR              R0,=SRC
   16 00000002 4911            LDR              R1,=DST
   17 00000004 F04F 040A       MOV              R4, #10
   18 00000008         
   19 00000008         LOOP
   20 00000008 6803            LDR              R3, [R0]
   21 0000000A 600B            STR              R3, [R1]
   22 0000000C F100 0004       ADD              R0, #4
   23 00000010 F101 0104       ADD              R1, #4
   24 00000014 3C01            SUBS             R4,#1
   25 00000016 D1F7            BNE              LOOP
   26 00000018         
   27 00000018 E7FE    STOP    B                STOP
   28 0000001A         
   29 0000001A         
   30 0000001A 00 00 00000000 
              00000001 
              00000002 
              00000003 
              00000004 
              00000005 
              00000006 
              00000007 
              00000008 
              00000009 SRC     DCD              0,1,2,3,4,5,6,7,8,9
   31 00000044         
   32 00000044 00000000 
              00000000         AREA             mydata, DATA, READWRITE
   33 00000000 00000000 
                       DST     DCD              0
   34 00000004                 END
Command Line: --debug --xref --cpu=Cortex-M3 --apcs=interwork --depend=.\q3.d -
o.\q3.o -IC:\Keil\ARM\RV31\INC -IC:\Keil\ARM\CMSIS\Include -IC:\Keil\ARM\Inc\NX
P\LPC17xx --predefine="__EVAL SETA 1" --list=.\q3.lst q3.s



ARM Macro Assembler    Page 1 Alphabetic symbol ordering
Relocatable symbols

RESET 00000000

Symbol: RESET
   Definitions
      At line 1 in file q3.s
   Uses
      None
Comment: RESET unused
__Vectors 00000000

Symbol: __Vectors
   Definitions
      At line 4 in file q3.s
   Uses
      At line 2 in file q3.s
Comment: __Vectors used once
2 symbols



ARM Macro Assembler    Page 1 Alphabetic symbol ordering
Relocatable symbols

LOOP 00000008

Symbol: LOOP
   Definitions
      At line 19 in file q3.s
   Uses
      At line 25 in file q3.s
Comment: LOOP used once
Reset_Handler 00000000

Symbol: Reset_Handler
   Definitions
      At line 13 in file q3.s
   Uses
      At line 6 in file q3.s
      At line 11 in file q3.s

SRC 0000001C

Symbol: SRC
   Definitions
      At line 30 in file q3.s
   Uses
      At line 15 in file q3.s
Comment: SRC used once
STOP 00000018

Symbol: STOP
   Definitions
      At line 27 in file q3.s
   Uses
      At line 27 in file q3.s
Comment: STOP used once
mycode 00000000

Symbol: mycode
   Definitions
      At line 9 in file q3.s
   Uses
      None
Comment: mycode unused
5 symbols



ARM Macro Assembler    Page 1 Alphabetic symbol ordering
Relocatable symbols

DST 00000000

Symbol: DST
   Definitions
      At line 33 in file q3.s
   Uses
      At line 16 in file q3.s
Comment: DST used once
mydata 00000000

Symbol: mydata
   Definitions
      At line 32 in file q3.s
   Uses
      None
Comment: mydata unused
2 symbols
342 symbols in table
