


ARM Macro Assembler    Page 1 


    1 00000000                 AREA             RESET, DATA, READONLY
    2 00000000                 EXPORT           __Vectors
    3 00000000         
    4 00000000         __Vectors
    5 00000000 10001000        DCD              0x10001000
    6 00000004 00000000        DCD              Reset_Handler
    7 00000008                 ALIGN
    8 00000008         
    9 00000008                 AREA             mycode, CODE, READONLY
   10 00000000                 ENTRY
   11 00000000                 EXPORT           Reset_Handler
   12 00000000         
   13 00000000         Reset_Handler
   14 00000000 4806            LDR              R0, =NUM1
   15 00000002 4907            LDR              R1, =NUM2
   16 00000004 6802            LDR              R2, [R0]
   17 00000006 680B            LDR              R3, [R1]
   18 00000008 EBA2 0403       SUB              R4, R2, R3
   19 0000000C 4D05            LDR              R5, =RESULT
   20 0000000E 602C            STR              R4, [R5]
   21 00000010         
   22 00000010         STOP
   23 00000010 E7FE            B                STOP
   24 00000012         
   25 00000012 00 00 00000014 
                       NUM1    DCD              20
   26 00000018 0000000A 
                       NUM2    DCD              10
   27 0000001C         
   28 0000001C 00000000 
              00000000 
              00000000         AREA             mydata, DATA, READWRITE
   29 00000000 00000000 
                       RESULT  DCD              0
   30 00000004                 END
Command Line: --debug --xref --cpu=Cortex-M3 --apcs=interwork --depend=.\q1.d -
o.\q1.o -IC:\Keil\ARM\RV31\INC -IC:\Keil\ARM\CMSIS\Include -IC:\Keil\ARM\Inc\NX
P\LPC17xx --predefine="__EVAL SETA 1" --list=.\q1.lst q1.s



ARM Macro Assembler    Page 1 Alphabetic symbol ordering
Relocatable symbols

RESET 00000000

Symbol: RESET
   Definitions
      At line 1 in file q1.s
   Uses
      None
Comment: RESET unused
__Vectors 00000000

Symbol: __Vectors
   Definitions
      At line 4 in file q1.s
   Uses
      At line 2 in file q1.s
Comment: __Vectors used once
2 symbols



ARM Macro Assembler    Page 1 Alphabetic symbol ordering
Relocatable symbols

NUM1 00000014

Symbol: NUM1
   Definitions
      At line 25 in file q1.s
   Uses
      At line 14 in file q1.s
Comment: NUM1 used once
NUM2 00000018

Symbol: NUM2
   Definitions
      At line 26 in file q1.s
   Uses
      At line 15 in file q1.s
Comment: NUM2 used once
Reset_Handler 00000000

Symbol: Reset_Handler
   Definitions
      At line 13 in file q1.s
   Uses
      At line 6 in file q1.s
      At line 11 in file q1.s

STOP 00000010

Symbol: STOP
   Definitions
      At line 22 in file q1.s
   Uses
      At line 23 in file q1.s
Comment: STOP used once
mycode 00000000

Symbol: mycode
   Definitions
      At line 9 in file q1.s
   Uses
      None
Comment: mycode unused
5 symbols



ARM Macro Assembler    Page 1 Alphabetic symbol ordering
Relocatable symbols

RESULT 00000000

Symbol: RESULT
   Definitions
      At line 29 in file q1.s
   Uses
      At line 19 in file q1.s
Comment: RESULT used once
mydata 00000000

Symbol: mydata
   Definitions
      At line 28 in file q1.s
   Uses
      None
Comment: mydata unused
2 symbols
342 symbols in table
