


ARM Macro Assembler    Page 1 


    1 00000000                 AREA             RESET, DATA, READONLY
    2 00000000                 EXPORT           __Vectors
    3 00000000         
    4 00000000         __Vectors
    5 00000000 10001000        DCD              0x10001000
    6 00000004 00000000        DCD              Reset_Handler
    7 00000008                 ALIGN
    8 00000008         
    9 00000008                 AREA             mycode, CODE, READONLY
   10 00000000                 ENTRY
   11 00000000                 EXPORT           Reset_Handler
   12 00000000         
   13 00000000         Reset_Handler
   14 00000000 4807            LDR              R0, =N
   15 00000002 6801            LDR              R1, [R0]
   16 00000004 F101 0201       ADD              R2, R1, #1  ; R2 = N + 1
   17 00000008         
   18 00000008 FB01 0302       MLA              R3, R1, R2, R0 ; R3 = (N * (N +
                                                             1))
   19 0000000C F04F 0402       MOV              R4, #2      ; R4 = 2
   20 00000010 FB93 F5F4       SDIV             R5, R3, R4  ; R5 = Sum = (N * (
                                                            N + 1)) / 2
   21 00000014         
   22 00000014 4E03            LDR              R6, =SUM    ; Load the address 
                                                            of SUM into R6
   23 00000016 6035            STR              R5, [R6]    ; Store the result 
                                                            in SUM
   24 00000018         
   25 00000018         STOP
   26 00000018 E7FE            B                STOP
   27 0000001A         
   28 0000001A 00 00 00000003 
                       N       DCD              3
   29 00000020         
   30 00000020 00000000 
              00000000         AREA             mydata, DATA, READWRITE
   31 00000000 00000000 
                       SUM     DCD              0
   32 00000004         
   33 00000004                 END
Command Line: --debug --xref --cpu=Cortex-M3 --apcs=interwork --depend=.\q4.d -
o.\q4.o -IC:\Keil\ARM\RV31\INC -IC:\Keil\ARM\CMSIS\Include -IC:\Keil\ARM\Inc\NX
P\LPC17xx --predefine="__EVAL SETA 1" --list=.\q4.lst q4.s



ARM Macro Assembler    Page 1 Alphabetic symbol ordering
Relocatable symbols

RESET 00000000

Symbol: RESET
   Definitions
      At line 1 in file q4.s
   Uses
      None
Comment: RESET unused
__Vectors 00000000

Symbol: __Vectors
   Definitions
      At line 4 in file q4.s
   Uses
      At line 2 in file q4.s
Comment: __Vectors used once
2 symbols



ARM Macro Assembler    Page 1 Alphabetic symbol ordering
Relocatable symbols

N 0000001C

Symbol: N
   Definitions
      At line 28 in file q4.s
   Uses
      At line 14 in file q4.s
Comment: N used once
Reset_Handler 00000000

Symbol: Reset_Handler
   Definitions
      At line 13 in file q4.s
   Uses
      At line 6 in file q4.s
      At line 11 in file q4.s

STOP 00000018

Symbol: STOP
   Definitions
      At line 25 in file q4.s
   Uses
      At line 26 in file q4.s
Comment: STOP used once
mycode 00000000

Symbol: mycode
   Definitions
      At line 9 in file q4.s
   Uses
      None
Comment: mycode unused
4 symbols



ARM Macro Assembler    Page 1 Alphabetic symbol ordering
Relocatable symbols

SUM 00000000

Symbol: SUM
   Definitions
      At line 31 in file q4.s
   Uses
      At line 22 in file q4.s
Comment: SUM used once
mydata 00000000

Symbol: mydata
   Definitions
      At line 30 in file q4.s
   Uses
      None
Comment: mydata unused
2 symbols
341 symbols in table
